<?xml version="1.0" encoding="UTF-8"?>
<testsuite xmlns:xsi="http://www.w3.org/2001/XMLSchema-instance" xsi:noNamespaceSchemaLocation="https://maven.apache.org/surefire/maven-surefire-plugin/xsd/surefire-test-report.xsd" name="in.anuragbanerjee.webtier.WebtierApplicationTests" time="1.309" tests="1" errors="0" skipped="0" failures="0">
  <properties>
    <property name="java.specification.version" value="19"/>
    <property name="sun.jnu.encoding" value="UTF-8"/>
    <property name="java.class.path" value="/Users/vedant/Documents/GitHub/CSE-546-Project-1/web-tier/target/test-classes:/Users/vedant/Documents/GitHub/CSE-546-Project-1/web-tier/target/classes:/Users/vedant/.m2/repository/org/springframework/boot/spring-boot-starter-web/3.0.2/spring-boot-starter-web-3.0.2.jar:/Users/vedant/.m2/repository/org/springframework/boot/spring-boot-starter/3.0.2/spring-boot-starter-3.0.2.jar:/Users/vedant/.m2/repository/org/springframework/boot/spring-boot/3.0.2/spring-boot-3.0.2.jar:/Users/vedant/.m2/repository/org/springframework/boot/spring-boot-autoconfigure/3.0.2/spring-boot-autoconfigure-3.0.2.jar:/Users/vedant/.m2/repository/org/springframework/boot/spring-boot-starter-logging/3.0.2/spring-boot-starter-logging-3.0.2.jar:/Users/vedant/.m2/repository/ch/qos/logback/logback-classic/1.4.5/logback-classic-1.4.5.jar:/Users/vedant/.m2/repository/ch/qos/logback/logback-core/1.4.5/logback-core-1.4.5.jar:/Users/vedant/.m2/repository/org/apache/logging/log4j/log4j-to-slf4j/2.19.0/log4j-to-slf4j-2.19.0.jar:/Users/vedant/.m2/repository/org/apache/logging/log4j/log4j-api/2.19.0/log4j-api-2.19.0.jar:/Users/vedant/.m2/repository/org/slf4j/jul-to-slf4j/2.0.6/jul-to-slf4j-2.0.6.jar:/Users/vedant/.m2/repository/jakarta/annotation/jakarta.annotation-api/2.1.1/jakarta.annotation-api-2.1.1.jar:/Users/vedant/.m2/repository/org/yaml/snakeyaml/1.33/snakeyaml-1.33.jar:/Users/vedant/.m2/repository/org/springframework/boot/spring-boot-starter-json/3.0.2/spring-boot-starter-json-3.0.2.jar:/Users/vedant/.m2/repository/com/fasterxml/jackson/core/jackson-databind/2.14.1/jackson-databind-2.14.1.jar:/Users/vedant/.m2/repository/com/fasterxml/jackson/core/jackson-annotations/2.14.1/jackson-annotations-2.14.1.jar:/Users/vedant/.m2/repository/com/fasterxml/jackson/core/jackson-core/2.14.1/jackson-core-2.14.1.jar:/Users/vedant/.m2/repository/com/fasterxml/jackson/datatype/jackson-datatype-jdk8/2.14.1/jackson-datatype-jdk8-2.14.1.jar:/Users/vedant/.m2/repository/com/fasterxml/jackson/datatype/jackson-datatype-jsr310/2.14.1/jackson-datatype-jsr310-2.14.1.jar:/Users/vedant/.m2/repository/com/fasterxml/jackson/module/jackson-module-parameter-names/2.14.1/jackson-module-parameter-names-2.14.1.jar:/Users/vedant/.m2/repository/org/springframework/boot/spring-boot-starter-tomcat/3.0.2/spring-boot-starter-tomcat-3.0.2.jar:/Users/vedant/.m2/repository/org/apache/tomcat/embed/tomcat-embed-core/10.1.5/tomcat-embed-core-10.1.5.jar:/Users/vedant/.m2/repository/org/apache/tomcat/embed/tomcat-embed-el/10.1.5/tomcat-embed-el-10.1.5.jar:/Users/vedant/.m2/repository/org/apache/tomcat/embed/tomcat-embed-websocket/10.1.5/tomcat-embed-websocket-10.1.5.jar:/Users/vedant/.m2/repository/org/springframework/spring-web/6.0.4/spring-web-6.0.4.jar:/Users/vedant/.m2/repository/org/springframework/spring-beans/6.0.4/spring-beans-6.0.4.jar:/Users/vedant/.m2/repository/io/micrometer/micrometer-observation/1.10.3/micrometer-observation-1.10.3.jar:/Users/vedant/.m2/repository/io/micrometer/micrometer-commons/1.10.3/micrometer-commons-1.10.3.jar:/Users/vedant/.m2/repository/org/springframework/spring-webmvc/6.0.4/spring-webmvc-6.0.4.jar:/Users/vedant/.m2/repository/org/springframework/spring-aop/6.0.4/spring-aop-6.0.4.jar:/Users/vedant/.m2/repository/org/springframework/spring-context/6.0.4/spring-context-6.0.4.jar:/Users/vedant/.m2/repository/org/springframework/spring-expression/6.0.4/spring-expression-6.0.4.jar:/Users/vedant/.m2/repository/org/projectlombok/lombok/1.18.24/lombok-1.18.24.jar:/Users/vedant/.m2/repository/software/amazon/awssdk/s3/2.20.12/s3-2.20.12.jar:/Users/vedant/.m2/repository/software/amazon/awssdk/aws-xml-protocol/2.20.12/aws-xml-protocol-2.20.12.jar:/Users/vedant/.m2/repository/software/amazon/awssdk/protocol-core/2.20.12/protocol-core-2.20.12.jar:/Users/vedant/.m2/repository/software/amazon/awssdk/arns/2.20.12/arns-2.20.12.jar:/Users/vedant/.m2/repository/software/amazon/awssdk/profiles/2.20.12/profiles-2.20.12.jar:/Users/vedant/.m2/repository/software/amazon/awssdk/sdk-core/2.20.12/sdk-core-2.20.12.jar:/Users/vedant/.m2/repository/org/slf4j/slf4j-api/2.0.6/slf4j-api-2.0.6.jar:/Users/vedant/.m2/repository/org/reactivestreams/reactive-streams/1.0.4/reactive-streams-1.0.4.jar:/Users/vedant/.m2/repository/software/amazon/awssdk/auth/2.20.12/auth-2.20.12.jar:/Users/vedant/.m2/repository/software/amazon/eventstream/eventstream/1.0.1/eventstream-1.0.1.jar:/Users/vedant/.m2/repository/software/amazon/awssdk/http-client-spi/2.20.12/http-client-spi-2.20.12.jar:/Users/vedant/.m2/repository/software/amazon/awssdk/regions/2.20.12/regions-2.20.12.jar:/Users/vedant/.m2/repository/software/amazon/awssdk/annotations/2.20.12/annotations-2.20.12.jar:/Users/vedant/.m2/repository/software/amazon/awssdk/utils/2.20.12/utils-2.20.12.jar:/Users/vedant/.m2/repository/software/amazon/awssdk/aws-core/2.20.12/aws-core-2.20.12.jar:/Users/vedant/.m2/repository/software/amazon/awssdk/metrics-spi/2.20.12/metrics-spi-2.20.12.jar:/Users/vedant/.m2/repository/software/amazon/awssdk/json-utils/2.20.12/json-utils-2.20.12.jar:/Users/vedant/.m2/repository/software/amazon/awssdk/third-party-jackson-core/2.20.12/third-party-jackson-core-2.20.12.jar:/Users/vedant/.m2/repository/software/amazon/awssdk/endpoints-spi/2.20.12/endpoints-spi-2.20.12.jar:/Users/vedant/.m2/repository/software/amazon/awssdk/apache-client/2.20.12/apache-client-2.20.12.jar:/Users/vedant/.m2/repository/org/apache/httpcomponents/httpclient/4.5.14/httpclient-4.5.14.jar:/Users/vedant/.m2/repository/org/apache/httpcomponents/httpcore/4.4.16/httpcore-4.4.16.jar:/Users/vedant/.m2/repository/commons-codec/commons-codec/1.15/commons-codec-1.15.jar:/Users/vedant/.m2/repository/software/amazon/awssdk/netty-nio-client/2.20.12/netty-nio-client-2.20.12.jar:/Users/vedant/.m2/repository/io/netty/netty-codec-http/4.1.87.Final/netty-codec-http-4.1.87.Final.jar:/Users/vedant/.m2/repository/io/netty/netty-codec-http2/4.1.87.Final/netty-codec-http2-4.1.87.Final.jar:/Users/vedant/.m2/repository/io/netty/netty-codec/4.1.87.Final/netty-codec-4.1.87.Final.jar:/Users/vedant/.m2/repository/io/netty/netty-transport/4.1.87.Final/netty-transport-4.1.87.Final.jar:/Users/vedant/.m2/repository/io/netty/netty-resolver/4.1.87.Final/netty-resolver-4.1.87.Final.jar:/Users/vedant/.m2/repository/io/netty/netty-common/4.1.87.Final/netty-common-4.1.87.Final.jar:/Users/vedant/.m2/repository/io/netty/netty-buffer/4.1.87.Final/netty-buffer-4.1.87.Final.jar:/Users/vedant/.m2/repository/io/netty/netty-handler/4.1.87.Final/netty-handler-4.1.87.Final.jar:/Users/vedant/.m2/repository/io/netty/netty-transport-native-unix-common/4.1.87.Final/netty-transport-native-unix-common-4.1.87.Final.jar:/Users/vedant/.m2/repository/io/netty/netty-transport-classes-epoll/4.1.87.Final/netty-transport-classes-epoll-4.1.87.Final.jar:/Users/vedant/.m2/repository/software/amazon/awssdk/sqs/2.20.12/sqs-2.20.12.jar:/Users/vedant/.m2/repository/software/amazon/awssdk/aws-query-protocol/2.20.12/aws-query-protocol-2.20.12.jar:/Users/vedant/.m2/repository/org/springframework/boot/spring-boot-starter-test/3.0.2/spring-boot-starter-test-3.0.2.jar:/Users/vedant/.m2/repository/org/springframework/boot/spring-boot-test/3.0.2/spring-boot-test-3.0.2.jar:/Users/vedant/.m2/repository/org/springframework/boot/spring-boot-test-autoconfigure/3.0.2/spring-boot-test-autoconfigure-3.0.2.jar:/Users/vedant/.m2/repository/com/jayway/jsonpath/json-path/2.7.0/json-path-2.7.0.jar:/Users/vedant/.m2/repository/net/minidev/json-smart/2.4.8/json-smart-2.4.8.jar:/Users/vedant/.m2/repository/net/minidev/accessors-smart/2.4.8/accessors-smart-2.4.8.jar:/Users/vedant/.m2/repository/org/ow2/asm/asm/9.1/asm-9.1.jar:/Users/vedant/.m2/repository/jakarta/xml/bind/jakarta.xml.bind-api/4.0.0/jakarta.xml.bind-api-4.0.0.jar:/Users/vedant/.m2/repository/jakarta/activation/jakarta.activation-api/2.1.1/jakarta.activation-api-2.1.1.jar:/Users/vedant/.m2/repository/org/assertj/assertj-core/3.23.1/assertj-core-3.23.1.jar:/Users/vedant/.m2/repository/net/bytebuddy/byte-buddy/1.12.22/byte-buddy-1.12.22.jar:/Users/vedant/.m2/repository/org/hamcrest/hamcrest/2.2/hamcrest-2.2.jar:/Users/vedant/.m2/repository/org/junit/jupiter/junit-jupiter/5.9.2/junit-jupiter-5.9.2.jar:/Users/vedant/.m2/repository/org/junit/jupiter/junit-jupiter-api/5.9.2/junit-jupiter-api-5.9.2.jar:/Users/vedant/.m2/repository/org/opentest4j/opentest4j/1.2.0/opentest4j-1.2.0.jar:/Users/vedant/.m2/repository/org/junit/platform/junit-platform-commons/1.9.2/junit-platform-commons-1.9.2.jar:/Users/vedant/.m2/repository/org/apiguardian/apiguardian-api/1.1.2/apiguardian-api-1.1.2.jar:/Users/vedant/.m2/repository/org/junit/jupiter/junit-jupiter-params/5.9.2/junit-jupiter-params-5.9.2.jar:/Users/vedant/.m2/repository/org/junit/jupiter/junit-jupiter-engine/5.9.2/junit-jupiter-engine-5.9.2.jar:/Users/vedant/.m2/repository/org/junit/platform/junit-platform-engine/1.9.2/junit-platform-engine-1.9.2.jar:/Users/vedant/.m2/repository/org/mockito/mockito-core/4.8.1/mockito-core-4.8.1.jar:/Users/vedant/.m2/repository/net/bytebuddy/byte-buddy-agent/1.12.22/byte-buddy-agent-1.12.22.jar:/Users/vedant/.m2/repository/org/objenesis/objenesis/3.2/objenesis-3.2.jar:/Users/vedant/.m2/repository/org/mockito/mockito-junit-jupiter/4.8.1/mockito-junit-jupiter-4.8.1.jar:/Users/vedant/.m2/repository/org/skyscreamer/jsonassert/1.5.1/jsonassert-1.5.1.jar:/Users/vedant/.m2/repository/com/vaadin/external/google/android-json/0.0.20131108.vaadin1/android-json-0.0.20131108.vaadin1.jar:/Users/vedant/.m2/repository/org/springframework/spring-core/6.0.4/spring-core-6.0.4.jar:/Users/vedant/.m2/repository/org/springframework/spring-jcl/6.0.4/spring-jcl-6.0.4.jar:/Users/vedant/.m2/repository/org/springframework/spring-test/6.0.4/spring-test-6.0.4.jar:/Users/vedant/.m2/repository/org/xmlunit/xmlunit-core/2.9.1/xmlunit-core-2.9.1.jar:"/>
    <property name="java.vm.vendor" value="Homebrew"/>
    <property name="sun.arch.data.model" value="64"/>
    <property name="java.vendor.url" value="https://github.com/Homebrew/homebrew-core/issues"/>
    <property name="os.name" value="Mac OS X"/>
    <property name="java.vm.specification.version" value="19"/>
    <property name="sun.java.launcher" value="SUN_STANDARD"/>
    <property name="user.country" value="US"/>
    <property name="sun.boot.library.path" value="/opt/homebrew/Cellar/openjdk/19.0.2/libexec/openjdk.jdk/Contents/Home/lib"/>
    <property name="sun.java.command" value="/Users/vedant/Documents/GitHub/CSE-546-Project-1/web-tier/target/surefire/surefirebooter6072935896181691432.jar /Users/vedant/Documents/GitHub/CSE-546-Project-1/web-tier/target/surefire 2023-02-26T19-49-21_814-jvmRun1 surefire15575135750085037436tmp surefire_07778307432261325138tmp"/>
    <property name="http.nonProxyHosts" value="local|*.local|169.254/16|*.169.254/16"/>
    <property name="jdk.debug" value="release"/>
    <property name="surefire.test.class.path" value="/Users/vedant/Documents/GitHub/CSE-546-Project-1/web-tier/target/test-classes:/Users/vedant/Documents/GitHub/CSE-546-Project-1/web-tier/target/classes:/Users/vedant/.m2/repository/org/springframework/boot/spring-boot-starter-web/3.0.2/spring-boot-starter-web-3.0.2.jar:/Users/vedant/.m2/repository/org/springframework/boot/spring-boot-starter/3.0.2/spring-boot-starter-3.0.2.jar:/Users/vedant/.m2/repository/org/springframework/boot/spring-boot/3.0.2/spring-boot-3.0.2.jar:/Users/vedant/.m2/repository/org/springframework/boot/spring-boot-autoconfigure/3.0.2/spring-boot-autoconfigure-3.0.2.jar:/Users/vedant/.m2/repository/org/springframework/boot/spring-boot-starter-logging/3.0.2/spring-boot-starter-logging-3.0.2.jar:/Users/vedant/.m2/repository/ch/qos/logback/logback-classic/1.4.5/logback-classic-1.4.5.jar:/Users/vedant/.m2/repository/ch/qos/logback/logback-core/1.4.5/logback-core-1.4.5.jar:/Users/vedant/.m2/repository/org/apache/logging/log4j/log4j-to-slf4j/2.19.0/log4j-to-slf4j-2.19.0.jar:/Users/vedant/.m2/repository/org/apache/logging/log4j/log4j-api/2.19.0/log4j-api-2.19.0.jar:/Users/vedant/.m2/repository/org/slf4j/jul-to-slf4j/2.0.6/jul-to-slf4j-2.0.6.jar:/Users/vedant/.m2/repository/jakarta/annotation/jakarta.annotation-api/2.1.1/jakarta.annotation-api-2.1.1.jar:/Users/vedant/.m2/repository/org/yaml/snakeyaml/1.33/snakeyaml-1.33.jar:/Users/vedant/.m2/repository/org/springframework/boot/spring-boot-starter-json/3.0.2/spring-boot-starter-json-3.0.2.jar:/Users/vedant/.m2/repository/com/fasterxml/jackson/core/jackson-databind/2.14.1/jackson-databind-2.14.1.jar:/Users/vedant/.m2/repository/com/fasterxml/jackson/core/jackson-annotations/2.14.1/jackson-annotations-2.14.1.jar:/Users/vedant/.m2/repository/com/fasterxml/jackson/core/jackson-core/2.14.1/jackson-core-2.14.1.jar:/Users/vedant/.m2/repository/com/fasterxml/jackson/datatype/jackson-datatype-jdk8/2.14.1/jackson-datatype-jdk8-2.14.1.jar:/Users/vedant/.m2/repository/com/fasterxml/jackson/datatype/jackson-datatype-jsr310/2.14.1/jackson-datatype-jsr310-2.14.1.jar:/Users/vedant/.m2/repository/com/fasterxml/jackson/module/jackson-module-parameter-names/2.14.1/jackson-module-parameter-names-2.14.1.jar:/Users/vedant/.m2/repository/org/springframework/boot/spring-boot-starter-tomcat/3.0.2/spring-boot-starter-tomcat-3.0.2.jar:/Users/vedant/.m2/repository/org/apache/tomcat/embed/tomcat-embed-core/10.1.5/tomcat-embed-core-10.1.5.jar:/Users/vedant/.m2/repository/org/apache/tomcat/embed/tomcat-embed-el/10.1.5/tomcat-embed-el-10.1.5.jar:/Users/vedant/.m2/repository/org/apache/tomcat/embed/tomcat-embed-websocket/10.1.5/tomcat-embed-websocket-10.1.5.jar:/Users/vedant/.m2/repository/org/springframework/spring-web/6.0.4/spring-web-6.0.4.jar:/Users/vedant/.m2/repository/org/springframework/spring-beans/6.0.4/spring-beans-6.0.4.jar:/Users/vedant/.m2/repository/io/micrometer/micrometer-observation/1.10.3/micrometer-observation-1.10.3.jar:/Users/vedant/.m2/repository/io/micrometer/micrometer-commons/1.10.3/micrometer-commons-1.10.3.jar:/Users/vedant/.m2/repository/org/springframework/spring-webmvc/6.0.4/spring-webmvc-6.0.4.jar:/Users/vedant/.m2/repository/org/springframework/spring-aop/6.0.4/spring-aop-6.0.4.jar:/Users/vedant/.m2/repository/org/springframework/spring-context/6.0.4/spring-context-6.0.4.jar:/Users/vedant/.m2/repository/org/springframework/spring-expression/6.0.4/spring-expression-6.0.4.jar:/Users/vedant/.m2/repository/org/projectlombok/lombok/1.18.24/lombok-1.18.24.jar:/Users/vedant/.m2/repository/software/amazon/awssdk/s3/2.20.12/s3-2.20.12.jar:/Users/vedant/.m2/repository/software/amazon/awssdk/aws-xml-protocol/2.20.12/aws-xml-protocol-2.20.12.jar:/Users/vedant/.m2/repository/software/amazon/awssdk/protocol-core/2.20.12/protocol-core-2.20.12.jar:/Users/vedant/.m2/repository/software/amazon/awssdk/arns/2.20.12/arns-2.20.12.jar:/Users/vedant/.m2/repository/software/amazon/awssdk/profiles/2.20.12/profiles-2.20.12.jar:/Users/vedant/.m2/repository/software/amazon/awssdk/sdk-core/2.20.12/sdk-core-2.20.12.jar:/Users/vedant/.m2/repository/org/slf4j/slf4j-api/2.0.6/slf4j-api-2.0.6.jar:/Users/vedant/.m2/repository/org/reactivestreams/reactive-streams/1.0.4/reactive-streams-1.0.4.jar:/Users/vedant/.m2/repository/software/amazon/awssdk/auth/2.20.12/auth-2.20.12.jar:/Users/vedant/.m2/repository/software/amazon/eventstream/eventstream/1.0.1/eventstream-1.0.1.jar:/Users/vedant/.m2/repository/software/amazon/awssdk/http-client-spi/2.20.12/http-client-spi-2.20.12.jar:/Users/vedant/.m2/repository/software/amazon/awssdk/regions/2.20.12/regions-2.20.12.jar:/Users/vedant/.m2/repository/software/amazon/awssdk/annotations/2.20.12/annotations-2.20.12.jar:/Users/vedant/.m2/repository/software/amazon/awssdk/utils/2.20.12/utils-2.20.12.jar:/Users/vedant/.m2/repository/software/amazon/awssdk/aws-core/2.20.12/aws-core-2.20.12.jar:/Users/vedant/.m2/repository/software/amazon/awssdk/metrics-spi/2.20.12/metrics-spi-2.20.12.jar:/Users/vedant/.m2/repository/software/amazon/awssdk/json-utils/2.20.12/json-utils-2.20.12.jar:/Users/vedant/.m2/repository/software/amazon/awssdk/third-party-jackson-core/2.20.12/third-party-jackson-core-2.20.12.jar:/Users/vedant/.m2/repository/software/amazon/awssdk/endpoints-spi/2.20.12/endpoints-spi-2.20.12.jar:/Users/vedant/.m2/repository/software/amazon/awssdk/apache-client/2.20.12/apache-client-2.20.12.jar:/Users/vedant/.m2/repository/org/apache/httpcomponents/httpclient/4.5.14/httpclient-4.5.14.jar:/Users/vedant/.m2/repository/org/apache/httpcomponents/httpcore/4.4.16/httpcore-4.4.16.jar:/Users/vedant/.m2/repository/commons-codec/commons-codec/1.15/commons-codec-1.15.jar:/Users/vedant/.m2/repository/software/amazon/awssdk/netty-nio-client/2.20.12/netty-nio-client-2.20.12.jar:/Users/vedant/.m2/repository/io/netty/netty-codec-http/4.1.87.Final/netty-codec-http-4.1.87.Final.jar:/Users/vedant/.m2/repository/io/netty/netty-codec-http2/4.1.87.Final/netty-codec-http2-4.1.87.Final.jar:/Users/vedant/.m2/repository/io/netty/netty-codec/4.1.87.Final/netty-codec-4.1.87.Final.jar:/Users/vedant/.m2/repository/io/netty/netty-transport/4.1.87.Final/netty-transport-4.1.87.Final.jar:/Users/vedant/.m2/repository/io/netty/netty-resolver/4.1.87.Final/netty-resolver-4.1.87.Final.jar:/Users/vedant/.m2/repository/io/netty/netty-common/4.1.87.Final/netty-common-4.1.87.Final.jar:/Users/vedant/.m2/repository/io/netty/netty-buffer/4.1.87.Final/netty-buffer-4.1.87.Final.jar:/Users/vedant/.m2/repository/io/netty/netty-handler/4.1.87.Final/netty-handler-4.1.87.Final.jar:/Users/vedant/.m2/repository/io/netty/netty-transport-native-unix-common/4.1.87.Final/netty-transport-native-unix-common-4.1.87.Final.jar:/Users/vedant/.m2/repository/io/netty/netty-transport-classes-epoll/4.1.87.Final/netty-transport-classes-epoll-4.1.87.Final.jar:/Users/vedant/.m2/repository/software/amazon/awssdk/sqs/2.20.12/sqs-2.20.12.jar:/Users/vedant/.m2/repository/software/amazon/awssdk/aws-query-protocol/2.20.12/aws-query-protocol-2.20.12.jar:/Users/vedant/.m2/repository/org/springframework/boot/spring-boot-starter-test/3.0.2/spring-boot-starter-test-3.0.2.jar:/Users/vedant/.m2/repository/org/springframework/boot/spring-boot-test/3.0.2/spring-boot-test-3.0.2.jar:/Users/vedant/.m2/repository/org/springframework/boot/spring-boot-test-autoconfigure/3.0.2/spring-boot-test-autoconfigure-3.0.2.jar:/Users/vedant/.m2/repository/com/jayway/jsonpath/json-path/2.7.0/json-path-2.7.0.jar:/Users/vedant/.m2/repository/net/minidev/json-smart/2.4.8/json-smart-2.4.8.jar:/Users/vedant/.m2/repository/net/minidev/accessors-smart/2.4.8/accessors-smart-2.4.8.jar:/Users/vedant/.m2/repository/org/ow2/asm/asm/9.1/asm-9.1.jar:/Users/vedant/.m2/repository/jakarta/xml/bind/jakarta.xml.bind-api/4.0.0/jakarta.xml.bind-api-4.0.0.jar:/Users/vedant/.m2/repository/jakarta/activation/jakarta.activation-api/2.1.1/jakarta.activation-api-2.1.1.jar:/Users/vedant/.m2/repository/org/assertj/assertj-core/3.23.1/assertj-core-3.23.1.jar:/Users/vedant/.m2/repository/net/bytebuddy/byte-buddy/1.12.22/byte-buddy-1.12.22.jar:/Users/vedant/.m2/repository/org/hamcrest/hamcrest/2.2/hamcrest-2.2.jar:/Users/vedant/.m2/repository/org/junit/jupiter/junit-jupiter/5.9.2/junit-jupiter-5.9.2.jar:/Users/vedant/.m2/repository/org/junit/jupiter/junit-jupiter-api/5.9.2/junit-jupiter-api-5.9.2.jar:/Users/vedant/.m2/repository/org/opentest4j/opentest4j/1.2.0/opentest4j-1.2.0.jar:/Users/vedant/.m2/repository/org/junit/platform/junit-platform-commons/1.9.2/junit-platform-commons-1.9.2.jar:/Users/vedant/.m2/repository/org/apiguardian/apiguardian-api/1.1.2/apiguardian-api-1.1.2.jar:/Users/vedant/.m2/repository/org/junit/jupiter/junit-jupiter-params/5.9.2/junit-jupiter-params-5.9.2.jar:/Users/vedant/.m2/repository/org/junit/jupiter/junit-jupiter-engine/5.9.2/junit-jupiter-engine-5.9.2.jar:/Users/vedant/.m2/repository/org/junit/platform/junit-platform-engine/1.9.2/junit-platform-engine-1.9.2.jar:/Users/vedant/.m2/repository/org/mockito/mockito-core/4.8.1/mockito-core-4.8.1.jar:/Users/vedant/.m2/repository/net/bytebuddy/byte-buddy-agent/1.12.22/byte-buddy-agent-1.12.22.jar:/Users/vedant/.m2/repository/org/objenesis/objenesis/3.2/objenesis-3.2.jar:/Users/vedant/.m2/repository/org/mockito/mockito-junit-jupiter/4.8.1/mockito-junit-jupiter-4.8.1.jar:/Users/vedant/.m2/repository/org/skyscreamer/jsonassert/1.5.1/jsonassert-1.5.1.jar:/Users/vedant/.m2/repository/com/vaadin/external/google/android-json/0.0.20131108.vaadin1/android-json-0.0.20131108.vaadin1.jar:/Users/vedant/.m2/repository/org/springframework/spring-core/6.0.4/spring-core-6.0.4.jar:/Users/vedant/.m2/repository/org/springframework/spring-jcl/6.0.4/spring-jcl-6.0.4.jar:/Users/vedant/.m2/repository/org/springframework/spring-test/6.0.4/spring-test-6.0.4.jar:/Users/vedant/.m2/repository/org/xmlunit/xmlunit-core/2.9.1/xmlunit-core-2.9.1.jar:"/>
    <property name="sun.cpu.endian" value="little"/>
    <property name="user.home" value="/Users/vedant"/>
    <property name="user.language" value="en"/>
    <property name="java.specification.vendor" value="Oracle Corporation"/>
    <property name="java.version.date" value="2023-01-17"/>
    <property name="java.home" value="/opt/homebrew/Cellar/openjdk/19.0.2/libexec/openjdk.jdk/Contents/Home"/>
    <property name="file.separator" value="/"/>
    <property name="basedir" value="/Users/vedant/Documents/GitHub/CSE-546-Project-1/web-tier"/>
    <property name="java.vm.compressedOopsMode" value="Zero based"/>
    <property name="line.separator" value="&#10;"/>
    <property name="java.vm.specification.vendor" value="Oracle Corporation"/>
    <property name="java.specification.name" value="Java Platform API Specification"/>
    <property name="apple.awt.application.name" value="ForkedBooter"/>
    <property name="surefire.real.class.path" value="/Users/vedant/Documents/GitHub/CSE-546-Project-1/web-tier/target/surefire/surefirebooter6072935896181691432.jar"/>
    <property name="sun.management.compiler" value="HotSpot 64-Bit Tiered Compilers"/>
    <property name="ftp.nonProxyHosts" value="local|*.local|169.254/16|*.169.254/16"/>
    <property name="java.runtime.version" value="19.0.2"/>
    <property name="user.name" value="vedant"/>
    <property name="stdout.encoding" value="UTF-8"/>
    <property name="path.separator" value=":"/>
    <property name="os.version" value="13.2"/>
    <property name="java.runtime.name" value="OpenJDK Runtime Environment"/>
    <property name="file.encoding" value="UTF-8"/>
    <property name="java.vm.name" value="OpenJDK 64-Bit Server VM"/>
    <property name="java.vendor.version" value="Homebrew"/>
    <property name="localRepository" value="/Users/vedant/.m2/repository"/>
    <property name="java.vendor.url.bug" value="https://github.com/Homebrew/homebrew-core/issues"/>
    <property name="java.io.tmpdir" value="/var/folders/m8/ptmzs_7n0fv46s4pq7dc0ydr0000gn/T/"/>
    <property name="java.version" value="19.0.2"/>
    <property name="user.dir" value="/Users/vedant/Documents/GitHub/CSE-546-Project-1/web-tier"/>
    <property name="os.arch" value="aarch64"/>
    <property name="java.vm.specification.name" value="Java Virtual Machine Specification"/>
    <property name="native.encoding" value="UTF-8"/>
    <property name="java.library.path" value="/Users/vedant/Library/Java/Extensions:/Library/Java/Extensions:/Network/Library/Java/Extensions:/System/Library/Java/Extensions:/usr/lib/java:."/>
    <property name="java.vm.info" value="mixed mode, sharing"/>
    <property name="stderr.encoding" value="UTF-8"/>
    <property name="java.vendor" value="Homebrew"/>
    <property name="java.vm.version" value="19.0.2"/>
    <property name="sun.io.unicode.encoding" value="UnicodeBig"/>
    <property name="socksNonProxyHosts" value="local|*.local|169.254/16|*.169.254/16"/>
    <property name="java.class.version" value="63.0"/>
  </properties>
  <testcase name="contextLoads" classname="in.anuragbanerjee.webtier.WebtierApplicationTests" time="0.183"/>
</testsuite>